#
# There is insufficient memory for the Java Runtime Environment to continue.
# Native memory allocation (mmap) failed to map 266338304 bytes for Failed to commit area from 0x0000000703800000 to 0x0000000713600000 of length 266338304.
# Possible reasons:
#   The system is out of physical RAM or swap space
#   The process is running with CompressedOops enabled, and the Java Heap may be blocking the growth of the native heap
# Possible solutions:
#   Reduce memory load on the system
#   Increase physical memory or swap space
#   Check if swap backing store is full
#   Decrease Java heap size (-Xmx/-Xms)
#   Decrease number of Java threads
#   Decrease Java thread stack sizes (-Xss)
#   Set larger code cache with -XX:ReservedCodeCacheSize=
# This output file may be truncated or incomplete.
#
#  Out of Memory Error (./open/src/hotspot/os/windows/os_windows.cpp:3283), pid=114568, tid=119612
#
# JRE version:  (11.0.17+10) (build )
# Java VM: Java HotSpot(TM) 64-Bit Server VM (11.0.17+10-LTS-269, mixed mode, sharing, tiered, compressed oops, g1 gc, windows-amd64)
# No core dump will be written. Minidumps are not enabled by default on client versions of Windows
#

---------------  S U M M A R Y ------------

Command Line: -Dfile.encoding=UTF-8 travewithdzone

Host: Intel(R) Core(TM) i5-8265U CPU @ 1.60GHz, 8 cores, 15G,  Windows 10 , 64 bit Build 19041 (10.0.19041.3393)
Time: Wed Oct  4 03:00:47 2023 India Standard Time elapsed time: 0.018309 seconds (0d 0h 0m 0s)

---------------  T H R E A D  ---------------

Current thread (0x000001fdc34f1000):  JavaThread "Unknown thread" [_thread_in_vm, id=119612, stack(0x0000005ec3600000,0x0000005ec3700000)]

Stack: [0x0000005ec3600000,0x0000005ec3700000]
Native frames: (J=compiled Java code, j=interpreted, Vv=VM code, C=native code)
V  [jvm.dll+0x62b5da]
V  [jvm.dll+0x7653df]
V  [jvm.dll+0x766a89]
V  [jvm.dll+0x767113]
V  [jvm.dll+0x23dd28]
V  [jvm.dll+0x62896a]
V  [jvm.dll+0x61d625]
V  [jvm.dll+0x2f2d3c]
V  [jvm.dll+0x2f2bc2]
V  [jvm.dll+0x2f78e6]
V  [jvm.dll+0x33a2df]
V  [jvm.dll+0x339d10]
V  [jvm.dll+0x2d0368]
V  [jvm.dll+0x2d14d6]
V  [jvm.dll+0x73f9a7]
V  [jvm.dll+0x74123f]
V  [jvm.dll+0x347039]
V  [jvm.dll+0x725280]
V  [jvm.dll+0x3b5c1f]
V  [jvm.dll+0x3b7d31]
C  [jli.dll+0x5207]
C  [ucrtbase.dll+0x21bb2]
C  [KERNEL32.DLL+0x17344]
C  [ntdll.dll+0x526b1]


---------------  P R O C E S S  ---------------

Threads class SMR info:
_java_thread_list=0x000001fdc138b700, length=0, elements={
}

Java Threads: ( => current thread )

Other Threads:
  0x000001fdc3507800 GCTaskThread "GC Thread#0" [stack: 0x0000005ec3700000,0x0000005ec3800000] [id=120492]
  0x000001fdc3563800 ConcurrentGCThread "G1 Main Marker" [stack: 0x0000005ec3800000,0x0000005ec3900000] [id=109028]
  0x000001fdc3566000 ConcurrentGCThread "G1 Conc#0" [stack: 0x0000005ec3900000,0x0000005ec3a00000] [id=97884]

[error occurred during error reporting (printing all threads), id 0xc0000005, EXCEPTION_ACCESS_VIOLATION (0xc0000005) at pc=0x00007ff99a82f5f7]

VM state:not at safepoint (not fully initialized)

VM Mutex/Monitor currently owned by a thread:  ([mutex/lock_event])
[0x000001fdc34ee6d0] Heap_lock - owner thread: 0x000001fdc34f1000

Heap address: 0x0000000703800000, size: 4040 MB, Compressed Oops mode: Non-zero based: 0x0000000703800000
Narrow klass base: 0x0000000000000000, Narrow klass shift: 0

GC Heap History (0 events):
No events

Deoptimization events (0 events):
No events

Classes redefined (0 events):
No events

Internal exceptions (0 events):
No events

Events (0 events):
No events


Dynamic libraries:
0x00007ff740b60000 - 0x00007ff740b6f000 	C:\Program Files\Java\jdk-11.0.17\bin\javaw.exe
0x00007ffa03e90000 - 0x00007ffa04088000 	C:\WINDOWS\SYSTEM32\ntdll.dll
0x00007ffa02010000 - 0x00007ffa020cd000 	C:\WINDOWS\System32\KERNEL32.DLL
0x00007ffa01670000 - 0x00007ffa01966000 	C:\WINDOWS\System32\KERNELBASE.dll
0x00007ffa01540000 - 0x00007ffa01640000 	C:\WINDOWS\System32\ucrtbase.dll
0x00007ff9d9fd0000 - 0x00007ff9d9fe8000 	C:\Program Files\Java\jdk-11.0.17\bin\jli.dll
0x00007ff9daf90000 - 0x00007ff9dafa5000 	C:\Program Files\Java\jdk-11.0.17\bin\VCRUNTIME140.dll
0x00007ffa03bc0000 - 0x00007ffa03c6e000 	C:\WINDOWS\System32\ADVAPI32.dll
0x00007ffa03690000 - 0x00007ffa0372e000 	C:\WINDOWS\System32\msvcrt.dll
0x00007ffa02130000 - 0x00007ffa021cc000 	C:\WINDOWS\System32\sechost.dll
0x00007ffa03860000 - 0x00007ffa03986000 	C:\WINDOWS\System32\RPCRT4.dll
0x00007ffa03300000 - 0x00007ffa0349e000 	C:\WINDOWS\System32\USER32.dll
0x00007ffa01640000 - 0x00007ffa01662000 	C:\WINDOWS\System32\win32u.dll
0x00007ff9e4e40000 - 0x00007ff9e50da000 	C:\WINDOWS\WinSxS\amd64_microsoft.windows.common-controls_6595b64144ccf1df_6.0.19041.1110_none_60b5254171f9507e\COMCTL32.dll
0x00007ffa02f70000 - 0x00007ffa02f9c000 	C:\WINDOWS\System32\GDI32.dll
0x00007ffa01b60000 - 0x00007ffa01c7a000 	C:\WINDOWS\System32\gdi32full.dll
0x00007ffa01ac0000 - 0x00007ffa01b5d000 	C:\WINDOWS\System32\msvcp_win.dll
0x00007ff9f9a40000 - 0x00007ff9f9a4a000 	C:\WINDOWS\SYSTEM32\VERSION.dll
0x00007ffa01ec0000 - 0x00007ffa01ef0000 	C:\WINDOWS\System32\IMM32.DLL
0x00007ff9c92d0000 - 0x00007ff9c936b000 	C:\Program Files\Java\jdk-11.0.17\bin\msvcp140.dll
0x00007ff99a550000 - 0x00007ff99b06a000 	C:\Program Files\Java\jdk-11.0.17\bin\server\jvm.dll
0x00007ffa03990000 - 0x00007ffa03998000 	C:\WINDOWS\System32\PSAPI.DLL
0x00007ff9e3b10000 - 0x00007ff9e3b37000 	C:\WINDOWS\SYSTEM32\WINMM.dll
0x00007ff9eac60000 - 0x00007ff9eac69000 	C:\WINDOWS\SYSTEM32\WSOCK32.dll
0x00007ffa039a0000 - 0x00007ffa03a0b000 	C:\WINDOWS\System32\WS2_32.dll
0x00007ff9ff1f0000 - 0x00007ff9ff202000 	C:\WINDOWS\SYSTEM32\kernel.appcore.dll
0x00007ff9eeb00000 - 0x00007ff9eeb10000 	C:\Program Files\Java\jdk-11.0.17\bin\verify.dll
0x00007ff9eae00000 - 0x00007ff9eafe4000 	C:\WINDOWS\SYSTEM32\DBGHELP.DLL
0x00007ff9eadc0000 - 0x00007ff9eadf4000 	C:\WINDOWS\SYSTEM32\dbgcore.DLL
0x00007ffa019e0000 - 0x00007ffa01a62000 	C:\WINDOWS\System32\bcryptPrimitives.dll
0x00007ff9d1670000 - 0x00007ff9d1698000 	C:\Program Files\Java\jdk-11.0.17\bin\java.dll
0x00007ff9ed4d0000 - 0x00007ff9ed4da000 	C:\Program Files\Java\jdk-11.0.17\bin\jimage.dll
0x00007ff9d9d70000 - 0x00007ff9d9d86000 	C:\Program Files\Java\jdk-11.0.17\bin\zip.dll

dbghelp: loaded successfully - version: 4.0.5 - missing functions: none
symbol engine: initialized successfully - sym options: 0x614 - pdb path: .;C:\Program Files\Java\jdk-11.0.17\bin;C:\WINDOWS\SYSTEM32;C:\WINDOWS\WinSxS\amd64_microsoft.windows.common-controls_6595b64144ccf1df_6.0.19041.1110_none_60b5254171f9507e;C:\Program Files\Java\jdk-11.0.17\bin\server

VM Arguments:
jvm_args: -Dfile.encoding=UTF-8 
java_command: travewithdzone
java_class_path (initial): C:\Users\devendra.singh1\eclipse-workspace\230_class\bin;C:\Users\devendra.singh1\.p2\pool\plugins\org.testng_7.4.0.r202105021533.jar;C:\Users\devendra.singh1\.p2\pool\plugins\com.beust.jcommander_1.78.0.jar;C:\Users\devendra.singh1\.p2\pool\plugins\org.apache-extras.beanshell.bsh_2.0.0.b6.jar;C:\Users\devendra.singh1\.p2\pool\plugins\org.yaml.snakeyaml_1.21.0.jar;C:\Users\devendra.singh1\.p2\pool\plugins\org.webjars.jquery_3.5.1.jar;D:\Selenium libraby\Sever Libarby\Selenium-java4.13.0\selenium-api-4.13.0.jar;D:\Selenium libraby\Sever Libarby\Selenium-java4.13.0\selenium-api-4.13.0-sources.jar;D:\Selenium libraby\Sever Libarby\Selenium-java4.13.0\selenium-chrome-driver-4.13.0.jar;D:\Selenium libraby\Sever Libarby\Selenium-java4.13.0\selenium-chrome-driver-4.13.0-sources.jar;D:\Selenium libraby\Sever Libarby\Selenium-java4.13.0\selenium-chromium-driver-4.13.0.jar;D:\Selenium libraby\Sever Libarby\Selenium-java4.13.0\selenium-chromium-driver-4.13.0-sources.jar;D:\Selenium libraby\Sever Libarby\Selenium-java4.13.0\selenium-devtools-v85-4.13.0.jar;D:\Selenium libraby\Sever Libarby\Selenium-java4.13.0\selenium-devtools-v85-4.13.0-sources.jar;D:\Selenium libraby\Sever Libarby\Selenium-java4.13.0\selenium-devtools-v115-4.13.0.jar;D:\Selenium libraby\Sever Libarby\Selenium-java4.13.0\selenium-devtools-v115-4.13.0-sources.jar;D:\Selenium libraby\Sever Libarby\Selenium-java4.13.0\selenium-devtools-v116-4.13.0.jar;D:\Selenium libraby\Sever Libarby\Selenium-java4.13.0\selenium-devtools-v116-4.13.0-sources.jar;D:\Selenium libraby\Sever Libarby\Selenium-java4.13.0\selenium-devtools-v117-4.13.0.jar;D:\Selenium libraby\Sever Libarby\Selenium-java4.13.0\selenium-devtools-v117-4.13.0-sources.jar;D:\Selenium libraby\Sever Libarby\Selenium-java4.13.0\selenium-edge-driver-4.13.0.jar;D:\Selenium libraby\Sever Libarby\Selenium-java4.13.0\selenium-edge-driver-4.13.0-sources.jar;D:\Selenium libraby\Sever Libarby\Selenium-java4.13.0\selenium-firefox-driver-4.13.
Launcher Type: SUN_STANDARD

[Global flags]
     intx CICompilerCount                          = 4                                         {product} {ergonomic}
     uint ConcGCThreads                            = 2                                         {product} {ergonomic}
     uint G1ConcRefinementThreads                  = 8                                         {product} {ergonomic}
   size_t G1HeapRegionSize                         = 1048576                                   {product} {ergonomic}
    uintx GCDrainStackTargetSize                   = 64                                        {product} {ergonomic}
   size_t InitialHeapSize                          = 266338304                                 {product} {ergonomic}
   size_t MarkStackSize                            = 4194304                                   {product} {ergonomic}
   size_t MaxHeapSize                              = 4236247040                                {product} {ergonomic}
   size_t MinHeapDeltaBytes                        = 1048576                                   {product} {ergonomic}
    uintx NonNMethodCodeHeapSize                   = 5836300                                {pd product} {ergonomic}
    uintx NonProfiledCodeHeapSize                  = 122910970                              {pd product} {ergonomic}
    uintx ProfiledCodeHeapSize                     = 122910970                              {pd product} {ergonomic}
    uintx ReservedCodeCacheSize                    = 251658240                              {pd product} {ergonomic}
     bool SegmentedCodeCache                       = true                                      {product} {ergonomic}
     bool UseCompressedClassPointers               = true                                 {lp64_product} {ergonomic}
     bool UseCompressedOops                        = true                                 {lp64_product} {ergonomic}
     bool UseG1GC                                  = true                                      {product} {ergonomic}
     bool UseLargePagesIndividualAllocation        = false                                  {pd product} {ergonomic}

Logging:
Log output configuration:
 #0: stdout all=warning uptime,level,tags
 #1: stderr all=off uptime,level,tags

Environment Variables:
JAVA_HOME=C:\Program Files\Java\jdk-11.0.17
PATH=C:\Program Files\Common Files\Oracle\Java\javapath;C:\Users\devendra.singh1\AppData\Local\Programs\Python\Python38-32\Scripts\;C:\Users\devendra.singh1\AppData\Local\Programs\Python\Python38-32\;C:\Python\Scripts\;C:\Python\;C:\WINDOWS\system32;C:\WINDOWS;C:\WINDOWS\System32\Wbem;C:\WINDOWS\System32\WindowsPowerShell\v1.0\;C:\WINDOWS\System32\OpenSSH\;C:\Program Files\nodejs\;C:\Program Files\apache-maven-3.8.5-bin\apache-maven-3.8.5\bin;C:\Program Files\Java\jdk-11.0.17\bin;C:\Users\devendra.singh1\AppData\Local\Programs\Python\Python37;C:\Users\devendra.singh1\AppData\Local\Microsoft\WindowsApps;C:\Users\devendra.singh1\AppData\Local\JetBrains\PyCharm Community Edition with Anaconda plugin 2019.3.1\bin;;C:\Users\devendra.singh1\AppData\Roaming\npm
USERNAME=Devendra.singh1
OS=Windows_NT
PROCESSOR_IDENTIFIER=Intel64 Family 6 Model 142 Stepping 12, GenuineIntel



---------------  S Y S T E M  ---------------

OS: Windows 10 , 64 bit Build 19041 (10.0.19041.3393)

CPU:total 8 (initial active 8) (4 cores per cpu, 2 threads per core) family 6 model 142 stepping 12 microcode 0xf8, cmov, cx8, fxsr, mmx, sse, sse2, sse3, ssse3, sse4.1, sse4.2, popcnt, avx, avx2, aes, clmul, erms, 3dnowpref, lzcnt, ht, tsc, tscinvbit, bmi1, bmi2, adx, fma

Memory: 4k page, system-wide physical 16152M (2323M free)
TotalPageFile size 36569M (AvailPageFile size 24M)
current process WorkingSet (physical memory assigned to process): 10M, peak: 10M
current process commit charge ("private bytes"): 60M, peak: 314M

vm_info: Java HotSpot(TM) 64-Bit Server VM (11.0.17+10-LTS-269) for windows-amd64 JRE (11.0.17+10-LTS-269), built on Sep 13 2022 19:26:37 by "mach5one" with MS VC++ 15.9 (VS2017)

END.
